<?xml version="1.0" encoding="UTF-8"?>
<!-- Generated by org.testng.reporters.JUnitReportReporter -->
<testsuite skipped="0" hostname="prakash" name="qa.testPacks.GetApitest" tests="1" failures="0" timestamp="04 Dec 2018 17:00:07 GMT" time="8.235" errors="0">
  <testcase name="gettest" time="8.235" classname="qa.testPacks.GetApitest"/>
</testsuite> <!-- qa.testPacks.GetApitest -->
